<?xml version="1.0" encoding="UTF-8"?>
<!-- Generated by org.testng.reporters.JUnitReportReporter -->
<testsuite skipped="0" hostname="Nicholass-MBP" name="testCases.ReadOneProduct" tests="1" failures="0" timestamp="21 Jun 2022 19:09:38 GMT" time="2.558" errors="0">
  <testcase name="readAllProducts" time="2.558" classname="testCases.ReadOneProduct"/>
</testsuite> <!-- testCases.ReadOneProduct -->
