<?xml version="1.0" encoding="UTF-8"?>
<!-- Generated by org.testng.reporters.JUnitReportReporter -->
<testsuite skipped="0" hostname="Nicholass-MBP" name="testCases.CreateNewProduct" tests="3" failures="0" timestamp="22 Jun 2022 08:04:42 GMT" time="4.511" errors="0">
  <testcase name="createNewProduct" time="2.552" classname="testCases.CreateNewProduct"/>
  <testcase name="getFirstProductID" time="1.367" classname="testCases.CreateNewProduct"/>
  <testcase name="validateProductDetails" time="0.592" classname="testCases.CreateNewProduct"/>
</testsuite> <!-- testCases.CreateNewProduct -->
