<?xml version="1.0" encoding="UTF-8"?>
<!-- Generated by org.testng.reporters.JUnitReportReporter -->
<testsuite skipped="0" hostname="Nicholass-MBP" name="testCases.ReadAllProducts" tests="1" failures="0" timestamp="21 Jun 2022 18:31:34 GMT" time="3.090" errors="0">
  <testcase name="readAllProducts" time="3.090" classname="testCases.ReadAllProducts"/>
</testsuite> <!-- testCases.ReadAllProducts -->
