<?xml version="1.0" encoding="UTF-8"?>
<!-- Generated by org.testng.reporters.JUnitReportReporter -->
<testsuite skipped="0" hostname="Nicholass-MBP" name="testCases.UpdateOneProduct" tests="2" failures="0" timestamp="22 Jun 2022 08:56:47 GMT" time="3.806" errors="0">
  <testcase name="updateOneProduct" time="3.163" classname="testCases.UpdateOneProduct"/>
  <testcase name="validateProductUpdateDetails" time="0.643" classname="testCases.UpdateOneProduct"/>
</testsuite> <!-- testCases.UpdateOneProduct -->
