<?xml version="1.0" encoding="UTF-8"?>
<!-- Generated by org.testng.reporters.JUnitReportReporter -->
<testsuite skipped="0" hostname="Nicholass-MBP" name="testCases.DeleteOneProduct" tests="2" failures="0" timestamp="23 Jun 2022 01:17:41 GMT" time="3.271" errors="0">
  <testcase name="deleteOneProduct" time="2.716" classname="testCases.DeleteOneProduct"/>
  <testcase name="validateProductDeleteDetails" time="0.555" classname="testCases.DeleteOneProduct"/>
</testsuite> <!-- testCases.DeleteOneProduct -->
